<?xml version="1.0" encoding="UTF-8"?>
<robot generator="Robot 7.5 (Python 3.12.3 on linux)" generated="2026-09-25T16:52:40.973843" rpa="false" schemaversion="5">
<suite id="s1" name="Login Flow" source="/home/rhombus_digital_india/stocky/automation/scraper/login_flow.robot">
<test id="s1-t1" name="Execute Groww Login Phase 1" line="16">
<kw name="Initialize Automation Environment" type="SETUP">
<kw name="Set Screenshot Directory" owner="SeleniumLibrary">
<arg>${SCREENSHOT_DIR}</arg>
<doc>Sets the directory for captured screenshots.</doc>
<status status="PASS" start="2026-09-25T16:52:41.466815" elapsed="0.000434"/>
</kw>
<kw name="Create Directory" owner="OperatingSystem">
<msg time="2026-09-25T16:52:41.467712" level="INFO" html="true">Directory '&lt;a href="file:///home/rhombus_digital_india/stocky/automation/scraper/reports"&gt;/home/rhombus_digital_india/stocky/automation/scraper/reports&lt;/a&gt;' already exists.</msg>
<arg>/home/rhombus_digital_india/stocky/automation/scraper/reports</arg>
<doc>Creates the specified directory.</doc>
<status status="PASS" start="2026-09-25T16:52:41.467475" elapsed="0.000335"/>
</kw>
<kw name="Create Dictionary" owner="BuiltIn">
<msg time="2026-09-25T16:52:41.468662" level="INFO">${prefs} = {'download.default_directory': '/home/rhombus_digital_india/stocky/automation/scraper/reports'}</msg>
<var>${prefs}</var>
<arg>download.default_directory=/home/rhombus_digital_india/stocky/automation/scraper/reports</arg>
<doc>Creates and returns a dictionary based on the given `items`.</doc>
<status status="PASS" start="2026-09-25T16:52:41.468048" elapsed="0.000662"/>
</kw>
<kw name="Open Browser" owner="SeleniumLibrary">
<msg time="2026-09-25T16:52:41.469939" level="INFO">Opening browser 'chrome' to base url 'https://groww.in'.</msg>
<arg>${URL}</arg>
<arg>${BROWSER}</arg>
<arg>options=add_argument("--headless=new"); add_argument("--window-size=1920,1080"); add_argument("--no-sandbox"); add_argument("--disable-dev-shm-usage"); add_experimental_option("prefs", ${prefs})</arg>
<doc>Opens a new browser instance to the optional ``url``.</doc>
<status status="PASS" start="2026-09-25T16:52:41.469228" elapsed="6.487567"/>
</kw>
<kw name="Maximize Browser Window" owner="SeleniumLibrary">
<doc>Maximizes current browser window.</doc>
<status status="PASS" start="2026-09-25T16:52:47.957238" elapsed="0.229734"/>
</kw>
<status status="PASS" start="2026-09-25T16:52:41.465607" elapsed="6.721608"/>
</kw>
<kw name="Step 1: Load Groww Website">
<kw name="Wait Until Page Contains Element" owner="SeleniumLibrary">
<arg>xpath=//div[@id="root"]</arg>
<arg>timeout=15s</arg>
<doc>Waits until the element ``locator`` appears on the current page.</doc>
<status status="PASS" start="2026-09-25T16:52:48.188376" elapsed="0.293544"/>
</kw>
<kw name="Capture Page Screenshot" owner="SeleniumLibrary">
<msg time="2026-09-25T16:52:48.811230" level="INFO" html="true">&lt;/td&gt;&lt;/tr&gt;&lt;tr&gt;&lt;td colspan="3"&gt;&lt;a href="screenshot/step1_homepage_loaded.png"&gt;&lt;img src="screenshot/step1_homepage_loaded.png" width="800px"&gt;&lt;/a&gt;</msg>
<arg>step1_homepage_loaded.png</arg>
<doc>Takes a screenshot of the current page and embeds it into a log file.</doc>
<status status="PASS" start="2026-09-25T16:52:48.482402" elapsed="0.329058"/>
</kw>
<status status="PASS" start="2026-09-25T16:52:48.187753" elapsed="0.623932"/>
</kw>
<kw name="Step 2: Click Log In Button">
<kw name="Wait Until Element Is Visible" owner="SeleniumLibrary">
<arg>xpath=//*[@id="root"]/div[1]/div[1]/div[2]/div[2]/button</arg>
<arg>timeout=10s</arg>
<doc>Waits until the element ``locator`` is visible.</doc>
<status status="PASS" start="2026-09-25T16:52:48.819049" elapsed="0.477480"/>
</kw>
<kw name="Click Element" owner="SeleniumLibrary">
<msg time="2026-09-25T16:52:49.297632" level="INFO">Clicking element 'xpath=//*[@id="root"]/div[1]/div[1]/div[2]/div[2]/button'.</msg>
<arg>xpath=//*[@id="root"]/div[1]/div[1]/div[2]/div[2]/button</arg>
<doc>Click the element identified by ``locator``.</doc>
<status status="PASS" start="2026-09-25T16:52:49.297052" elapsed="1.587076"/>
</kw>
<kw name="Capture Page Screenshot" owner="SeleniumLibrary">
<msg time="2026-09-25T16:52:51.367637" level="INFO" html="true">&lt;/td&gt;&lt;/tr&gt;&lt;tr&gt;&lt;td colspan="3"&gt;&lt;a href="screenshot/step2_login_modal_opened.png"&gt;&lt;img src="screenshot/step2_login_modal_opened.png" width="800px"&gt;&lt;/a&gt;</msg>
<arg>step2_login_modal_opened.png</arg>
<doc>Takes a screenshot of the current page and embeds it into a log file.</doc>
<status status="PASS" start="2026-09-25T16:52:50.884643" elapsed="0.483273"/>
</kw>
<status status="PASS" start="2026-09-25T16:52:48.818357" elapsed="2.549777"/>
</kw>
<kw name="Step 3: Input Email Address">
<kw name="Wait Until Element Is Visible" owner="SeleniumLibrary">
<arg>id=login_email1</arg>
<arg>timeout=10s</arg>
<doc>Waits until the element ``locator`` is visible.</doc>
<status status="PASS" start="2026-09-25T16:52:51.369175" elapsed="0.501510"/>
</kw>
<kw name="Input Text" owner="SeleniumLibrary">
<msg time="2026-09-25T16:52:51.871899" level="INFO">Typing text 'writabrataroy95@gmail.com' into text field 'id=login_email1'.</msg>
<arg>id=login_email1</arg>
<arg>${EMAIL}</arg>
<doc>Types the given ``text`` into the text field identified by ``locator``.</doc>
<status status="PASS" start="2026-09-25T16:52:51.871252" elapsed="2.390823"/>
</kw>
<kw name="Capture Page Screenshot" owner="SeleniumLibrary">
<msg time="2026-09-25T16:52:54.531811" level="INFO" html="true">&lt;/td&gt;&lt;/tr&gt;&lt;tr&gt;&lt;td colspan="3"&gt;&lt;a href="screenshot/step3_email_entered.png"&gt;&lt;img src="screenshot/step3_email_entered.png" width="800px"&gt;&lt;/a&gt;</msg>
<arg>step3_email_entered.png</arg>
<doc>Takes a screenshot of the current page and embeds it into a log file.</doc>
<status status="PASS" start="2026-09-25T16:52:54.262552" elapsed="0.272532"/>
</kw>
<status status="PASS" start="2026-09-25T16:52:51.368571" elapsed="3.166729"/>
</kw>
<kw name="Step 4: Click Continue Button">
<kw name="Wait Until Element Is Visible" owner="SeleniumLibrary">
<arg>xpath=//*[@id="lils382InitialLoginScreen"]/div[3]/div[3]/button</arg>
<arg>timeout=10s</arg>
<doc>Waits until the element ``locator`` is visible.</doc>
<status status="PASS" start="2026-09-25T16:52:54.536376" elapsed="0.266778"/>
</kw>
<kw name="Click Element" owner="SeleniumLibrary">
<msg time="2026-09-25T16:52:54.804256" level="INFO">Clicking element 'xpath=//*[@id="lils382InitialLoginScreen"]/div[3]/div[3]/button'.</msg>
<arg>xpath=//*[@id="lils382InitialLoginScreen"]/div[3]/div[3]/button</arg>
<doc>Click the element identified by ``locator``.</doc>
<status status="PASS" start="2026-09-25T16:52:54.803660" elapsed="1.300254"/>
</kw>
<kw name="Capture Page Screenshot" owner="SeleniumLibrary">
<msg time="2026-09-25T16:52:56.493514" level="INFO" html="true">&lt;/td&gt;&lt;/tr&gt;&lt;tr&gt;&lt;td colspan="3"&gt;&lt;a href="screenshot/step4_continue_clicked.png"&gt;&lt;img src="screenshot/step4_continue_clicked.png" width="800px"&gt;&lt;/a&gt;</msg>
<arg>step4_continue_clicked.png</arg>
<doc>Takes a screenshot of the current page and embeds it into a log file.</doc>
<status status="PASS" start="2026-09-25T16:52:56.104689" elapsed="0.389114"/>
</kw>
<status status="PASS" start="2026-09-25T16:52:54.535777" elapsed="1.958298"/>
</kw>
<kw name="Step 4.5: Input Password">
<kw name="Run Keyword And Return Status" owner="BuiltIn">
<kw name="Wait Until Element Is Visible" owner="SeleniumLibrary">
<arg>xpath=//*[@id="login_password1"]</arg>
<arg>timeout=10s</arg>
<doc>Waits until the element ``locator`` is visible.</doc>
<status status="PASS" start="2026-09-25T16:52:56.500152" elapsed="0.273873"/>
</kw>
<msg time="2026-09-25T16:52:56.774460" level="INFO">${password_present} = True</msg>
<var>${password_present}</var>
<arg>Wait Until Element Is Visible</arg>
<arg>xpath=//*[@id="login_password1"]</arg>
<arg>timeout=10s</arg>
<doc>Runs the specified keyword and returns the status as a Boolean value.</doc>
<status status="PASS" start="2026-09-25T16:52:56.495571" elapsed="0.278975"/>
</kw>
<if>
<branch type="IF" condition="${password_present}">
<kw name="Input Text" owner="SeleniumLibrary">
<msg time="2026-09-25T16:52:56.782222" level="INFO">Typing text 'Tearsinheaven@07' into text field 'xpath=//*[@id="login_password1"]'.</msg>
<arg>xpath=//*[@id="login_password1"]</arg>
<arg>${PASSWORD}</arg>
<doc>Types the given ``text`` into the text field identified by ``locator``.</doc>
<status status="PASS" start="2026-09-25T16:52:56.778560" elapsed="1.650082"/>
</kw>
<kw name="Click Element" owner="SeleniumLibrary">
<msg time="2026-09-25T16:52:58.429660" level="INFO">Clicking element 'xpath=//*[@id="root"]/div[1]/div[1]/div[1]/div[2]/div/div/div/div[2]/div/div/div[4]/button'.</msg>
<arg>xpath=//*[@id="root"]/div[1]/div[1]/div[1]/div[2]/div/div/div/div[2]/div/div/div[4]/button</arg>
<doc>Click the element identified by ``locator``.</doc>
<status status="PASS" start="2026-09-25T16:52:58.429129" elapsed="2.120410"/>
</kw>
<kw name="Sleep" owner="BuiltIn">
<msg time="2026-09-25T16:53:05.550757" level="INFO">Slept 5 seconds.</msg>
<arg>5s</arg>
<doc>Pauses execution for the given time.</doc>
<status status="PASS" start="2026-09-25T16:53:00.549949" elapsed="5.001068"/>
</kw>
<kw name="Capture Page Screenshot" owner="SeleniumLibrary">
<msg time="2026-09-25T16:53:05.955372" level="INFO" html="true">&lt;/td&gt;&lt;/tr&gt;&lt;tr&gt;&lt;td colspan="3"&gt;&lt;a href="screenshot/step4_5_password_submitted.png"&gt;&lt;img src="screenshot/step4_5_password_submitted.png" width="800px"&gt;&lt;/a&gt;</msg>
<arg>step4_5_password_submitted.png</arg>
<doc>Takes a screenshot of the current page and embeds it into a log file.</doc>
<status status="PASS" start="2026-09-25T16:53:05.551478" elapsed="0.404131"/>
</kw>
<status status="PASS" start="2026-09-25T16:52:56.774894" elapsed="9.180863"/>
</branch>
<status status="PASS" start="2026-09-25T16:52:56.774756" elapsed="9.181338"/>
</if>
<status status="PASS" start="2026-09-25T16:52:56.494796" elapsed="9.461451"/>
</kw>
<kw name="Step 5: Handle OTP Verification">
<kw name="Run Keyword And Return Status" owner="BuiltIn">
<kw name="Wait Until Element Is Visible" owner="SeleniumLibrary">
<arg>id=otpinput88parent</arg>
<arg>timeout=15s</arg>
<doc>Waits until the element ``locator`` is visible.</doc>
<status status="PASS" start="2026-09-25T16:53:05.958447" elapsed="1.105361"/>
</kw>
<msg time="2026-09-25T16:53:07.064246" level="INFO">${otp_present} = True</msg>
<var>${otp_present}</var>
<arg>Wait Until Element Is Visible</arg>
<arg>id=otpinput88parent</arg>
<arg>timeout=15s</arg>
<doc>Runs the specified keyword and returns the status as a Boolean value.</doc>
<status status="PASS" start="2026-09-25T16:53:05.957505" elapsed="1.106831"/>
</kw>
<if>
<branch type="IF" condition="${otp_present}">
<kw name="Evaluate" owner="BuiltIn">
<msg time="2026-09-25T16:53:20.095197" level="INFO">${otp} = 643265</msg>
<var>${otp}</var>
<arg>[sys.__stdout__.write("\\n&gt;&gt;&gt; [ACTION REQUIRED] Please enter the OTP: "), sys.__stdout__.flush(), sys.__stdin__.readline().strip()][2]</arg>
<arg>modules=sys</arg>
<doc>Evaluates the given expression in Python and returns the result.</doc>
<status status="PASS" start="2026-09-25T16:53:07.065204" elapsed="13.030103"/>
</kw>
<kw name="Split String To Characters" owner="String">
<msg time="2026-09-25T16:53:20.096251" level="INFO">@{digits} = [ 6 | 4 | 3 | 2 | 6 | 5 ]</msg>
<var>@{digits}</var>
<arg>${otp}</arg>
<doc>Splits the given `string` to characters.</doc>
<status status="PASS" start="2026-09-25T16:53:20.095727" elapsed="0.000599"/>
</kw>
<for flavor="IN ENUMERATE">
<iter>
<kw name="Evaluate" owner="BuiltIn">
<msg time="2026-09-25T16:53:20.104294" level="INFO">${input_index} = 1</msg>
<var>${input_index}</var>
<arg>${index} + 1</arg>
<doc>Evaluates the given expression in Python and returns the result.</doc>
<status status="PASS" start="2026-09-25T16:53:20.097226" elapsed="0.007188"/>
</kw>
<kw name="Input Text" owner="SeleniumLibrary">
<msg time="2026-09-25T16:53:20.105816" level="INFO">Typing text '6' into text field 'xpath=(//div[@id="otpinput88parent"]//input)[1]'.</msg>
<arg>xpath=(//div[@id="otpinput88parent"]//input)[${input_index}]</arg>
<arg>${digit}</arg>
<doc>Types the given ``text`` into the text field identified by ``locator``.</doc>
<status status="PASS" start="2026-09-25T16:53:20.104812" elapsed="2.111768"/>
</kw>
<var name="${index}">0</var>
<var name="${digit}">6</var>
<status status="PASS" start="2026-09-25T16:53:20.096933" elapsed="2.119835"/>
</iter>
<iter>
<kw name="Evaluate" owner="BuiltIn">
<msg time="2026-09-25T16:53:22.218350" level="INFO">${input_index} = 2</msg>
<var>${input_index}</var>
<arg>${index} + 1</arg>
<doc>Evaluates the given expression in Python and returns the result.</doc>
<status status="PASS" start="2026-09-25T16:53:22.217471" elapsed="0.000953"/>
</kw>
<kw name="Input Text" owner="SeleniumLibrary">
<msg time="2026-09-25T16:53:22.222762" level="INFO">Typing text '4' into text field 'xpath=(//div[@id="otpinput88parent"]//input)[2]'.</msg>
<arg>xpath=(//div[@id="otpinput88parent"]//input)[${input_index}]</arg>
<arg>${digit}</arg>
<doc>Types the given ``text`` into the text field identified by ``locator``.</doc>
<status status="PASS" start="2026-09-25T16:53:22.218778" elapsed="2.498003"/>
</kw>
<var name="${index}">1</var>
<var name="${digit}">4</var>
<status status="PASS" start="2026-09-25T16:53:22.217163" elapsed="2.499834"/>
</iter>
<iter>
<kw name="Evaluate" owner="BuiltIn">
<msg time="2026-09-25T16:53:24.718630" level="INFO">${input_index} = 3</msg>
<var>${input_index}</var>
<arg>${index} + 1</arg>
<doc>Evaluates the given expression in Python and returns the result.</doc>
<status status="PASS" start="2026-09-25T16:53:24.717671" elapsed="0.001052"/>
</kw>
<kw name="Input Text" owner="SeleniumLibrary">
<msg time="2026-09-25T16:53:24.725054" level="INFO">Typing text '3' into text field 'xpath=(//div[@id="otpinput88parent"]//input)[3]'.</msg>
<arg>xpath=(//div[@id="otpinput88parent"]//input)[${input_index}]</arg>
<arg>${digit}</arg>
<doc>Types the given ``text`` into the text field identified by ``locator``.</doc>
<status status="PASS" start="2026-09-25T16:53:24.722233" elapsed="2.445547"/>
</kw>
<var name="${index}">2</var>
<var name="${digit}">3</var>
<status status="PASS" start="2026-09-25T16:53:24.717358" elapsed="2.450662"/>
</iter>
<iter>
<kw name="Evaluate" owner="BuiltIn">
<msg time="2026-09-25T16:53:27.172684" level="INFO">${input_index} = 4</msg>
<var>${input_index}</var>
<arg>${index} + 1</arg>
<doc>Evaluates the given expression in Python and returns the result.</doc>
<status status="PASS" start="2026-09-25T16:53:27.168726" elapsed="0.004047"/>
</kw>
<kw name="Input Text" owner="SeleniumLibrary">
<msg time="2026-09-25T16:53:27.173775" level="INFO">Typing text '2' into text field 'xpath=(//div[@id="otpinput88parent"]//input)[4]'.</msg>
<arg>xpath=(//div[@id="otpinput88parent"]//input)[${input_index}]</arg>
<arg>${digit}</arg>
<doc>Types the given ``text`` into the text field identified by ``locator``.</doc>
<status status="PASS" start="2026-09-25T16:53:27.173195" elapsed="1.724303"/>
</kw>
<var name="${index}">3</var>
<var name="${digit}">2</var>
<status status="PASS" start="2026-09-25T16:53:27.168367" elapsed="1.729307"/>
</iter>
<iter>
<kw name="Evaluate" owner="BuiltIn">
<msg time="2026-09-25T16:53:28.899941" level="INFO">${input_index} = 5</msg>
<var>${input_index}</var>
<arg>${index} + 1</arg>
<doc>Evaluates the given expression in Python and returns the result.</doc>
<status status="PASS" start="2026-09-25T16:53:28.899043" elapsed="0.000987"/>
</kw>
<kw name="Input Text" owner="SeleniumLibrary">
<msg time="2026-09-25T16:53:28.901001" level="INFO">Typing text '6' into text field 'xpath=(//div[@id="otpinput88parent"]//input)[5]'.</msg>
<arg>xpath=(//div[@id="otpinput88parent"]//input)[${input_index}]</arg>
<arg>${digit}</arg>
<doc>Types the given ``text`` into the text field identified by ``locator``.</doc>
<status status="PASS" start="2026-09-25T16:53:28.900389" elapsed="2.398516"/>
</kw>
<var name="${index}">4</var>
<var name="${digit}">6</var>
<status status="PASS" start="2026-09-25T16:53:28.898667" elapsed="2.400477"/>
</iter>
<iter>
<kw name="Evaluate" owner="BuiltIn">
<msg time="2026-09-25T16:53:31.303052" level="INFO">${input_index} = 6</msg>
<var>${input_index}</var>
<arg>${index} + 1</arg>
<doc>Evaluates the given expression in Python and returns the result.</doc>
<status status="PASS" start="2026-09-25T16:53:31.299796" elapsed="0.006146"/>
</kw>
<kw name="Input Text" owner="SeleniumLibrary">
<msg time="2026-09-25T16:53:31.307253" level="INFO">Typing text '5' into text field 'xpath=(//div[@id="otpinput88parent"]//input)[6]'.</msg>
<arg>xpath=(//div[@id="otpinput88parent"]//input)[${input_index}]</arg>
<arg>${digit}</arg>
<doc>Types the given ``text`` into the text field identified by ``locator``.</doc>
<status status="PASS" start="2026-09-25T16:53:31.306437" elapsed="2.434197"/>
</kw>
<var name="${index}">5</var>
<var name="${digit}">5</var>
<status status="PASS" start="2026-09-25T16:53:31.299490" elapsed="2.441364"/>
</iter>
<var>${index}</var>
<var>${digit}</var>
<value>@{digits}</value>
<status status="PASS" start="2026-09-25T16:53:20.096500" elapsed="13.644484"/>
</for>
<kw name="Capture Page Screenshot" owner="SeleniumLibrary">
<msg time="2026-09-25T16:53:34.037390" level="INFO" html="true">&lt;/td&gt;&lt;/tr&gt;&lt;tr&gt;&lt;td colspan="3"&gt;&lt;a href="screenshot/step5_otp_submitted.png"&gt;&lt;img src="screenshot/step5_otp_submitted.png" width="800px"&gt;&lt;/a&gt;</msg>
<arg>step5_otp_submitted.png</arg>
<doc>Takes a screenshot of the current page and embeds it into a log file.</doc>
<status status="PASS" start="2026-09-25T16:53:33.741438" elapsed="0.296172"/>
</kw>
<kw name="Sleep" owner="BuiltIn">
<msg time="2026-09-25T16:53:39.039181" level="INFO">Slept 5 seconds.</msg>
<arg>5s</arg>
<doc>Pauses execution for the given time.</doc>
<status status="PASS" start="2026-09-25T16:53:34.038192" elapsed="5.001257"/>
</kw>
<status status="PASS" start="2026-09-25T16:53:07.064644" elapsed="31.974964"/>
</branch>
<status status="PASS" start="2026-09-25T16:53:07.064572" elapsed="31.975176"/>
</if>
<status status="PASS" start="2026-09-25T16:53:05.956931" elapsed="33.082976"/>
</kw>
<kw name="Step 6: Input Groww PIN">
<kw name="Sleep" owner="BuiltIn">
<msg time="2026-09-25T16:53:41.047136" level="INFO">Slept 2 seconds.</msg>
<arg>2s</arg>
<doc>Pauses execution for the given time.</doc>
<status status="PASS" start="2026-09-25T16:53:39.041248" elapsed="2.006119"/>
</kw>
<kw name="Run Keyword And Return Status" owner="BuiltIn">
<kw name="Wait Until Element Is Visible" owner="SeleniumLibrary">
<arg>xpath=//div[contains(@class, "tfaep471PinInput")]</arg>
<arg>timeout=15s</arg>
<doc>Waits until the element ``locator`` is visible.</doc>
<status status="PASS" start="2026-09-25T16:53:41.048703" elapsed="0.437882"/>
</kw>
<msg time="2026-09-25T16:53:41.486938" level="INFO">${pin_present} = True</msg>
<var>${pin_present}</var>
<arg>Wait Until Element Is Visible</arg>
<arg>xpath=//div[contains(@class, "tfaep471PinInput")]</arg>
<arg>timeout=15s</arg>
<doc>Runs the specified keyword and returns the status as a Boolean value.</doc>
<status status="PASS" start="2026-09-25T16:53:41.047810" elapsed="0.439191"/>
</kw>
<if>
<branch type="IF" condition="${pin_present}">
<kw name="Wait Until Page Contains" owner="SeleniumLibrary">
<arg>Please Enter Groww PIN here</arg>
<arg>timeout=10s</arg>
<doc>Waits until ``text`` appears on the current page.</doc>
<status status="PASS" start="2026-09-25T16:53:41.487536" elapsed="0.155019"/>
</kw>
<kw name="Split String To Characters" owner="String">
<msg time="2026-09-25T16:53:41.643766" level="INFO">@{digits} = [ 2 | 9 | 5 | 0 ]</msg>
<var>@{digits}</var>
<arg>${PIN}</arg>
<doc>Splits the given `string` to characters.</doc>
<status status="PASS" start="2026-09-25T16:53:41.642979" elapsed="0.000867"/>
</kw>
<for flavor="IN ENUMERATE">
<iter>
<kw name="Evaluate" owner="BuiltIn">
<msg time="2026-09-25T16:53:41.648370" level="INFO">${input_index} = 1</msg>
<var>${input_index}</var>
<arg>${index} + 1</arg>
<doc>Evaluates the given expression in Python and returns the result.</doc>
<status status="PASS" start="2026-09-25T16:53:41.646245" elapsed="0.002213"/>
</kw>
<kw name="Input Text" owner="SeleniumLibrary">
<msg time="2026-09-25T16:53:41.649482" level="INFO">Typing text '2' into text field 'xpath=(//div[contains(@class, "tfaep471PinInput")]//input)[1]'.</msg>
<arg>xpath=(//div[contains(@class, "tfaep471PinInput")]//input)[${input_index}]</arg>
<arg>${digit}</arg>
<doc>Types the given ``text`` into the text field identified by ``locator``.</doc>
<status status="PASS" start="2026-09-25T16:53:41.648818" elapsed="1.768914"/>
</kw>
<kw name="Sleep" owner="BuiltIn">
<msg time="2026-09-25T16:53:43.918968" level="INFO">Slept 500 milliseconds.</msg>
<arg>0.5s</arg>
<doc>Pauses execution for the given time.</doc>
<status status="PASS" start="2026-09-25T16:53:43.418154" elapsed="0.501035"/>
</kw>
<var name="${index}">0</var>
<var name="${digit}">2</var>
<status status="PASS" start="2026-09-25T16:53:41.645777" elapsed="2.273543"/>
</iter>
<iter>
<kw name="Evaluate" owner="BuiltIn">
<msg time="2026-09-25T16:53:43.920859" level="INFO">${input_index} = 2</msg>
<var>${input_index}</var>
<arg>${index} + 1</arg>
<doc>Evaluates the given expression in Python and returns the result.</doc>
<status status="PASS" start="2026-09-25T16:53:43.920019" elapsed="0.000910"/>
</kw>
<kw name="Input Text" owner="SeleniumLibrary">
<msg time="2026-09-25T16:53:43.924806" level="INFO">Typing text '9' into text field 'xpath=(//div[contains(@class, "tfaep471PinInput")]//input)[2]'.</msg>
<arg>xpath=(//div[contains(@class, "tfaep471PinInput")]//input)[${input_index}]</arg>
<arg>${digit}</arg>
<doc>Types the given ``text`` into the text field identified by ``locator``.</doc>
<status status="PASS" start="2026-09-25T16:53:43.921255" elapsed="2.628537"/>
</kw>
<kw name="Sleep" owner="BuiltIn">
<msg time="2026-09-25T16:53:47.051271" level="INFO">Slept 500 milliseconds.</msg>
<arg>0.5s</arg>
<doc>Pauses execution for the given time.</doc>
<status status="PASS" start="2026-09-25T16:53:46.550215" elapsed="0.501571"/>
</kw>
<var name="${index}">1</var>
<var name="${digit}">9</var>
<status status="PASS" start="2026-09-25T16:53:43.919657" elapsed="3.132399"/>
</iter>
<iter>
<kw name="Evaluate" owner="BuiltIn">
<msg time="2026-09-25T16:53:47.055540" level="INFO">${input_index} = 3</msg>
<var>${input_index}</var>
<arg>${index} + 1</arg>
<doc>Evaluates the given expression in Python and returns the result.</doc>
<status status="PASS" start="2026-09-25T16:53:47.053326" elapsed="0.002329"/>
</kw>
<kw name="Input Text" owner="SeleniumLibrary">
<msg time="2026-09-25T16:53:47.056767" level="INFO">Typing text '5' into text field 'xpath=(//div[contains(@class, "tfaep471PinInput")]//input)[3]'.</msg>
<arg>xpath=(//div[contains(@class, "tfaep471PinInput")]//input)[${input_index}]</arg>
<arg>${digit}</arg>
<doc>Types the given ``text`` into the text field identified by ``locator``.</doc>
<status status="PASS" start="2026-09-25T16:53:47.056095" elapsed="3.221973"/>
</kw>
<kw name="Sleep" owner="BuiltIn">
<msg time="2026-09-25T16:53:50.779432" level="INFO">Slept 500 milliseconds.</msg>
<arg>0.5s</arg>
<doc>Pauses execution for the given time.</doc>
<status status="PASS" start="2026-09-25T16:53:50.278488" elapsed="0.501192"/>
</kw>
<var name="${index}">2</var>
<var name="${digit}">5</var>
<status status="PASS" start="2026-09-25T16:53:47.052809" elapsed="3.727013"/>
</iter>
<iter>
<kw name="Evaluate" owner="BuiltIn">
<msg time="2026-09-25T16:53:50.781376" level="INFO">${input_index} = 4</msg>
<var>${input_index}</var>
<arg>${index} + 1</arg>
<doc>Evaluates the given expression in Python and returns the result.</doc>
<status status="PASS" start="2026-09-25T16:53:50.780548" elapsed="0.000920"/>
</kw>
<kw name="Input Text" owner="SeleniumLibrary">
<msg time="2026-09-25T16:53:50.783947" level="INFO">Typing text '0' into text field 'xpath=(//div[contains(@class, "tfaep471PinInput")]//input)[4]'.</msg>
<arg>xpath=(//div[contains(@class, "tfaep471PinInput")]//input)[${input_index}]</arg>
<arg>${digit}</arg>
<doc>Types the given ``text`` into the text field identified by ``locator``.</doc>
<status status="PASS" start="2026-09-25T16:53:50.782931" elapsed="1.717614"/>
</kw>
<kw name="Sleep" owner="BuiltIn">
<msg time="2026-09-25T16:53:53.001810" level="INFO">Slept 500 milliseconds.</msg>
<arg>0.5s</arg>
<doc>Pauses execution for the given time.</doc>
<status status="PASS" start="2026-09-25T16:53:52.500974" elapsed="0.501219"/>
</kw>
<var name="${index}">3</var>
<var name="${digit}">0</var>
<status status="PASS" start="2026-09-25T16:53:50.780226" elapsed="2.222111"/>
</iter>
<var>${index}</var>
<var>${digit}</var>
<value>@{digits}</value>
<status status="PASS" start="2026-09-25T16:53:41.645185" elapsed="11.357287"/>
</for>
<kw name="Capture Page Screenshot" owner="SeleniumLibrary">
<msg time="2026-09-25T16:53:55.002201" level="INFO" html="true">&lt;/td&gt;&lt;/tr&gt;&lt;tr&gt;&lt;td colspan="3"&gt;&lt;a href="screenshot/step6_pin_submitted.png"&gt;&lt;img src="screenshot/step6_pin_submitted.png" width="800px"&gt;&lt;/a&gt;</msg>
<arg>step6_pin_submitted.png</arg>
<doc>Takes a screenshot of the current page and embeds it into a log file.</doc>
<status status="PASS" start="2026-09-25T16:53:53.003020" elapsed="1.999433"/>
</kw>
<kw name="Wait Until Element Is Not Visible" owner="SeleniumLibrary">
<arg>xpath=//div[contains(@class, "tfaep471PinInput")]</arg>
<arg>timeout=20s</arg>
<doc>Waits until the element ``locator`` is not visible.</doc>
<status status="PASS" start="2026-09-25T16:53:55.005154" elapsed="0.259200"/>
</kw>
<status status="PASS" start="2026-09-25T16:53:41.487211" elapsed="13.777354"/>
</branch>
<status status="PASS" start="2026-09-25T16:53:41.487158" elapsed="13.777531"/>
</if>
<status status="PASS" start="2026-09-25T16:53:39.040613" elapsed="16.224233"/>
</kw>
<kw name="Step 7: Navigate To Reports Section">
<kw name="Wait Until Element Is Visible" owner="SeleniumLibrary">
<arg>xpath=//*[@id="root"]/div[1]/div/div[3]/div[2]/div[2]/div/div[1]/div/div/img</arg>
<arg>timeout=20s</arg>
<doc>Waits until the element ``locator`` is visible.</doc>
<status status="PASS" start="2026-09-25T16:53:55.266143" elapsed="0.768460"/>
</kw>
<kw name="Click Element" owner="SeleniumLibrary">
<msg time="2026-09-25T16:53:56.035674" level="INFO">Clicking element 'xpath=//*[@id="root"]/div[1]/div/div[3]/div[2]/div[2]/div/div[1]/div/div/img'.</msg>
<arg>xpath=//*[@id="root"]/div[1]/div/div[3]/div[2]/div[2]/div/div[1]/div/div/img</arg>
<doc>Click the element identified by ``locator``.</doc>
<status status="PASS" start="2026-09-25T16:53:56.035122" elapsed="4.041352"/>
</kw>
<kw name="Sleep" owner="BuiltIn">
<msg time="2026-09-25T16:54:02.082467" level="INFO">Slept 2 seconds.</msg>
<arg>2s</arg>
<doc>Pauses execution for the given time.</doc>
<status status="PASS" start="2026-09-25T16:54:00.076928" elapsed="2.007044"/>
</kw>
<kw name="Wait Until Element Is Visible" owner="SeleniumLibrary">
<arg>xpath=//*[@id="reports"]/div[2]/div[1]</arg>
<arg>timeout=10s</arg>
<doc>Waits until the element ``locator`` is visible.</doc>
<status status="PASS" start="2026-09-25T16:54:02.084552" elapsed="0.276023"/>
</kw>
<kw name="Click Element" owner="SeleniumLibrary">
<msg time="2026-09-25T16:54:02.361603" level="INFO">Clicking element 'xpath=//*[@id="reports"]/div[2]/div[1]'.</msg>
<arg>xpath=//*[@id="reports"]/div[2]/div[1]</arg>
<doc>Click the element identified by ``locator``.</doc>
<status status="PASS" start="2026-09-25T16:54:02.361057" elapsed="1.181472"/>
</kw>
<kw name="Capture Page Screenshot" owner="SeleniumLibrary">
<msg time="2026-09-25T16:54:03.757490" level="INFO" html="true">&lt;/td&gt;&lt;/tr&gt;&lt;tr&gt;&lt;td colspan="3"&gt;&lt;a href="screenshot/step7_reports_navigated.png"&gt;&lt;img src="screenshot/step7_reports_navigated.png" width="800px"&gt;&lt;/a&gt;</msg>
<arg>step7_reports_navigated.png</arg>
<doc>Takes a screenshot of the current page and embeds it into a log file.</doc>
<status status="PASS" start="2026-09-25T16:54:03.543004" elapsed="0.214722"/>
</kw>
<status status="PASS" start="2026-09-25T16:53:55.265369" elapsed="8.492609"/>
</kw>
<kw name="Step 8: Select Mutual Fund Holdings">
<kw name="Wait Until Element Is Visible" owner="SeleniumLibrary">
<arg>xpath=//div[contains(@class, "reportCategory_reportItem") and contains(., "Mutual Funds - Holdings statement")]</arg>
<arg>timeout=20s</arg>
<doc>Waits until the element ``locator`` is visible.</doc>
<status status="PASS" start="2026-09-25T16:54:03.762179" elapsed="1.184794"/>
</kw>
<kw name="Click Element" owner="SeleniumLibrary">
<msg time="2026-09-25T16:54:04.947966" level="INFO">Clicking element 'xpath=//div[contains(@class, "reportCategory_reportItem") and contains(., "Mutual Funds - Holdings statement")]'.</msg>
<arg>xpath=//div[contains(@class, "reportCategory_reportItem") and contains(., "Mutual Funds - Holdings statement")]</arg>
<doc>Click the element identified by ``locator``.</doc>
<status status="PASS" start="2026-09-25T16:54:04.947445" elapsed="0.916969"/>
</kw>
<kw name="Capture Page Screenshot" owner="SeleniumLibrary">
<msg time="2026-09-25T16:54:06.108589" level="INFO" html="true">&lt;/td&gt;&lt;/tr&gt;&lt;tr&gt;&lt;td colspan="3"&gt;&lt;a href="screenshot/step8_mf_holdings_clicked.png"&gt;&lt;img src="screenshot/step8_mf_holdings_clicked.png" width="800px"&gt;&lt;/a&gt;</msg>
<arg>step8_mf_holdings_clicked.png</arg>
<doc>Takes a screenshot of the current page and embeds it into a log file.</doc>
<status status="PASS" start="2026-09-25T16:54:05.864940" elapsed="0.243874"/>
</kw>
<status status="PASS" start="2026-09-25T16:54:03.761512" elapsed="2.347923"/>
</kw>
<kw name="Step 9: Download Holdings File">
<kw name="Wait Until Element Is Visible" owner="SeleniumLibrary">
<arg>xpath=//button[span[text()="Download"]]</arg>
<arg>timeout=20s</arg>
<doc>Waits until the element ``locator`` is visible.</doc>
<status status="PASS" start="2026-09-25T16:54:06.110786" elapsed="0.181764"/>
</kw>
<kw name="Get WebElement" owner="SeleniumLibrary">
<msg time="2026-09-25T16:54:06.320652" level="INFO">${download_btn} = &lt;selenium.webdriver.remote.webelement.WebElement (session="ba0930359950ef560d8f380c88ca3887", element="f.EA62DD4A53E4E890F8D3CA6AE47B117E.d.54CD2324E971741182E4144F54D4D1B4.e.2497")&gt;</msg>
<var>${download_btn}</var>
<arg>xpath=//button[span[text()="Download"]]</arg>
<doc>Returns the first WebElement matching the given ``locator``.</doc>
<status status="PASS" start="2026-09-25T16:54:06.292971" elapsed="0.027792"/>
</kw>
<kw name="Execute Javascript" owner="SeleniumLibrary">
<msg time="2026-09-25T16:54:06.321676" level="INFO">Executing JavaScript:
arguments[0].click();
By using argument:
'&lt;selenium.webdriver.remote.webelement.WebElement (session="ba0930359950ef560d8f380c88ca3887", element="f.EA62DD4A53E4E890F8D3CA6AE47B117E.d.54CD2324E971741182E4144F54D4D1B4.e.2497")&gt;'</msg>
<arg>arguments[0].click();</arg>
<arg>ARGUMENTS</arg>
<arg>${download_btn}</arg>
<doc>Executes the given JavaScript code with possible arguments.</doc>
<status status="PASS" start="2026-09-25T16:54:06.321235" elapsed="0.048354"/>
</kw>
<kw name="Sleep" owner="BuiltIn">
<msg time="2026-09-25T16:54:11.371565" level="INFO">Slept 5 seconds.</msg>
<arg>5s</arg>
<doc>Pauses execution for the given time.</doc>
<status status="PASS" start="2026-09-25T16:54:06.370518" elapsed="5.001284"/>
</kw>
<kw name="Capture Page Screenshot" owner="SeleniumLibrary">
<msg time="2026-09-25T16:55:45.895759" level="INFO" html="true">&lt;/td&gt;&lt;/tr&gt;&lt;tr&gt;&lt;td colspan="3"&gt;&lt;a href="screenshot/step9_download_clicked.png"&gt;&lt;img src="screenshot/step9_download_clicked.png" width="800px"&gt;&lt;/a&gt;</msg>
<arg>step9_download_clicked.png</arg>
<doc>Takes a screenshot of the current page and embeds it into a log file.</doc>
<status status="PASS" start="2026-09-25T16:54:11.372322" elapsed="94.523831"/>
</kw>
<status status="PASS" start="2026-09-25T16:54:06.110160" elapsed="99.786327"/>
</kw>
<kw name="Step 10: Download Stock Holdings File">
<msg time="2026-09-25T16:55:45.903314" level="FAIL">No keyword with name 'Step 10: Download Stock Holdings File' found. Did you mean:
    Step 11: Download Stock Holdings File
    Step 9: Download Holdings File</msg>
<status status="FAIL" start="2026-09-25T16:55:45.902908" elapsed="0.000585">No keyword with name 'Step 10: Download Stock Holdings File' found. Did you mean:
    Step 11: Download Stock Holdings File
    Step 9: Download Holdings File</status>
</kw>
<kw name="Close Browser" owner="SeleniumLibrary" type="TEARDOWN">
<doc>Closes the current browser.</doc>
<status status="PASS" start="2026-09-25T16:55:45.904822" elapsed="0.138852"/>
</kw>
<status status="FAIL" start="2026-09-25T16:52:41.464342" elapsed="184.579573">No keyword with name 'Step 10: Download Stock Holdings File' found. Did you mean:
    Step 11: Download Stock Holdings File
    Step 9: Download Holdings File</status>
</test>
<doc>Phase 1: Groww Login Flow Automation</doc>
<status status="FAIL" start="2026-09-25T16:52:40.975351" elapsed="185.069315"/>
</suite>
<statistics>
<total>
<stat pass="0" fail="1" skip="0">All Tests</stat>
</total>
<tag>
</tag>
<suite>
<stat name="Login Flow" id="s1" pass="0" fail="1" skip="0">Login Flow</stat>
</suite>
</statistics>
<errors>
</errors>
</robot>
